<?xml version="1.0" encoding="UTF-8"?>
<!-- Generated by org.testng.reporters.JUnitReportReporter -->
<testsuite skipped="0" hostname="HP" name="testing.p2" tests="3" failures="0" timestamp="2020-09-10T21:56:15 IST" time="0.038" errors="0">
  <testcase name="banana" time="0.008" classname="testing.p2"/>
  <system-out>
from banana  </system-out>
  <testcase name="apple" time="0.023" classname="testing.p2"/>
  <system-out>
from apple  </system-out>
  <testcase name="grape" time="0.007" classname="testing.p2"/>
  <system-out>
from grape  </system-out>
</testsuite> <!-- testing.p2 -->
