<?xml version="1.0" encoding="UTF-8"?>
<!-- Generated by org.testng.reporters.JUnitReportReporter -->
<testsuite skipped="0" hostname="HP" name="testing.p1" tests="1" failures="0" timestamp="2020-09-10T21:48:29 IST" time="0.021" errors="0">
  <testcase name="apple" time="0.021" classname="testing.p1"/>
  <system-out/>
</testsuite> <!-- testing.p1 -->
